{"level":"info","message":"server running on http://localhost:3000","timestamp":"2025-03-02 15:57:25"}
{"level":"info","message":"server running on http://localhost:3000","timestamp":"2025-03-02 15:58:58"}
{"level":"info","message":"server running on http://localhost:3000","timestamp":"2025-03-02 15:59:58"}
{"level":"info","message":"server running on http://localhost:3000","timestamp":"2025-03-02 17:00:52"}
{"level":"info","message":"server running on http://localhost:3000","timestamp":"2025-03-02 17:00:55"}
{"level":"info","message":"server running on http://localhost:3000","timestamp":"2025-03-02 17:01:11"}
{"level":"info","message":"server running on http://localhost:3000","timestamp":"2025-03-02 17:01:24"}
{"level":"info","message":"server running on http://localhost:3000","timestamp":"2025-03-02 17:01:34"}
{"level":"info","message":"server running on http://localhost:3000","timestamp":"2025-03-02 17:02:14"}
{"level":"info","message":"server running on http://localhost:3000","timestamp":"2025-03-02 17:02:24"}
{"level":"info","message":"server running on http://localhost:3000","timestamp":"2025-03-02 17:02:31"}
{"level":"info","message":"server running on http://localhost:3000","timestamp":"2025-03-02 17:02:39"}
{"level":"info","message":"server running on http://localhost:3000","timestamp":"2025-03-02 17:10:36"}
{"level":"info","message":"server running on http://localhost:3000","timestamp":"2025-03-02 17:11:16"}
{"level":"info","message":"server running on http://localhost:3000","timestamp":"2025-03-02 17:11:17"}
{"level":"info","message":"server running on http://localhost:3000","timestamp":"2025-03-02 17:11:22"}
{"level":"info","message":"server running on http://localhost:3000","timestamp":"2025-03-02 17:11:38"}
{"level":"info","message":"server running on http://localhost:3000","timestamp":"2025-03-02 17:12:06"}
{"level":"info","message":"server running on http://localhost:3000","timestamp":"2025-03-02 17:12:12"}
{"level":"info","message":"server running on http://localhost:3000","timestamp":"2025-03-02 17:12:13"}
{"level":"info","message":"server running on http://localhost:3000","timestamp":"2025-03-02 17:13:33"}
{"level":"info","message":"server running on http://localhost:3000","timestamp":"2025-03-02 17:13:45"}
{"level":"info","message":"server running on http://localhost:3000","timestamp":"2025-03-02 17:13:57"}
{"level":"info","message":"server running on http://localhost:3000","timestamp":"2025-03-02 17:14:47"}
{"level":"info","message":"server running on http://localhost:3000","timestamp":"2025-03-02 17:14:48"}
{"level":"info","message":"server running on http://localhost:3000","timestamp":"2025-03-02 17:15:00"}
{"level":"info","message":"server running on http://localhost:3000","timestamp":"2025-03-02 17:15:02"}
{"level":"info","message":"server running on http://localhost:3000","timestamp":"2025-03-02 17:15:04"}
{"level":"info","message":"server running on http://localhost:3000","timestamp":"2025-03-02 17:18:10"}
{"level":"error","message":"Error occured:","timestamp":"2025-03-02 17:18:18"}
{"level":"info","message":"server running on http://localhost:3000","timestamp":"2025-03-02 17:18:31"}
{"level":"error","message":"Error occured:","timestamp":"2025-03-02 17:18:34"}
{"level":"info","message":"server running on http://localhost:3000","timestamp":"2025-03-02 17:18:57"}
{"level":"info","message":"server running on http://localhost:3000","timestamp":"2025-03-02 17:19:04"}
{"level":"info","message":"server running on http://localhost:3000","timestamp":"2025-03-02 17:19:42"}
{"level":"error","message":"Error occured:","timestamp":"2025-03-02 17:19:48"}
{"level":"info","message":"server running on http://localhost:3000","timestamp":"2025-03-02 17:20:04"}
{"level":"error","message":"Error occured:","timestamp":"2025-03-02 17:20:17"}
{"level":"error","message":"Error occured:","timestamp":"2025-03-02 17:20:22"}
{"level":"info","message":"server running on http://localhost:3000","timestamp":"2025-03-02 17:20:47"}
{"level":"error","message":"Error occured:","timestamp":"2025-03-02 17:20:49"}
{"level":"info","message":"server running on http://localhost:3000","timestamp":"2025-03-02 17:21:13"}
{"level":"info","message":"server running on http://localhost:3000","timestamp":"2025-03-02 17:21:34"}
{"level":"info","message":"server running on http://localhost:3000","timestamp":"2025-03-02 17:21:53"}
{"level":"info","message":"server running on http://localhost:3000","timestamp":"2025-03-02 17:22:09"}
{"level":"info","message":"server running on http://localhost:3000","timestamp":"2025-03-02 17:22:12"}
{"level":"error","message":"Error occured:","timestamp":"2025-03-02 17:22:13"}
{"level":"info","message":"server running on http://localhost:3000","timestamp":"2025-03-02 17:23:06"}
{"level":"info","message":"server running on http://localhost:3000","timestamp":"2025-03-02 17:23:07"}
{"level":"info","message":"server running on http://localhost:3000","timestamp":"2025-03-02 17:24:59"}
{"level":"info","message":"server running on http://localhost:3000","timestamp":"2025-03-02 17:25:37"}
{"level":"info","message":"server running on http://localhost:3000","timestamp":"2025-03-02 17:25:47"}
{"level":"info","message":"server running on http://localhost:3000","timestamp":"2025-03-02 17:26:06"}
{"level":"info","message":"server running on http://localhost:3000","timestamp":"2025-03-02 17:26:16"}
{"level":"info","message":"server running on http://localhost:3000","timestamp":"2025-03-02 17:26:25"}
{"level":"error","message":"Error occured:","timestamp":"2025-03-02 17:26:34"}
{"level":"info","message":"server running on http://localhost:3000","timestamp":"2025-03-02 17:27:01"}
{"level":"error","message":"Error occured:","timestamp":"2025-03-02 17:27:11"}
{"level":"info","message":"server running on http://localhost:3000","timestamp":"2025-03-02 17:27:46"}
{"level":"error","message":"Error occured:","timestamp":"2025-03-02 17:27:49"}
{"level":"info","message":"server running on http://localhost:3000","timestamp":"2025-03-02 17:27:59"}
{"level":"info","message":"server running on http://localhost:3000","timestamp":"2025-03-02 17:28:07"}
{"level":"info","message":"server running on http://localhost:3000","timestamp":"2025-03-02 17:28:18"}
{"level":"info","message":"server running on http://localhost:3000","timestamp":"2025-03-02 17:29:06"}
{"level":"info","message":"server running on http://localhost:3000","timestamp":"2025-03-02 17:29:21"}
{"level":"info","message":"server running on http://localhost:3000","timestamp":"2025-03-02 17:29:23"}
{"level":"info","message":"server running on http://localhost:3000","timestamp":"2025-03-02 17:29:32"}
{"level":"info","message":"server running on http://localhost:3000","timestamp":"2025-03-02 17:31:36"}
{"level":"info","message":"server running on http://localhost:3000","timestamp":"2025-03-02 17:33:01"}
{"level":"info","message":"server running on http://localhost:3000","timestamp":"2025-03-02 17:33:07"}
{"level":"info","message":"server running on http://localhost:3000","timestamp":"2025-03-02 17:33:35"}
{"level":"info","message":"server running on http://localhost:3000","timestamp":"2025-03-02 17:33:51"}
{"level":"info","message":"server running on http://localhost:3000","timestamp":"2025-03-02 17:39:24"}
{"level":"info","message":"server running on http://localhost:3000","timestamp":"2025-03-02 17:39:29"}
{"level":"info","message":"server running on http://localhost:3000","timestamp":"2025-03-02 17:40:11"}
{"level":"info","message":"server running on http://localhost:3000","timestamp":"2025-03-02 17:40:18"}
{"level":"info","message":"server running on http://localhost:3000","timestamp":"2025-03-02 17:40:36"}
{"level":"info","message":"server running on http://localhost:3000","timestamp":"2025-03-02 17:40:43"}
{"level":"info","message":"server running on http://localhost:3000","timestamp":"2025-03-02 17:41:28"}
{"level":"error","message":"Error occured:","timestamp":"2025-03-02 17:41:49"}
{"level":"info","message":"server running on http://localhost:3000","timestamp":"2025-03-02 17:42:08"}
{"level":"error","message":"Error occured:","timestamp":"2025-03-02 17:42:13"}
{"level":"info","message":"server running on http://localhost:3000","timestamp":"2025-03-02 17:42:45"}
{"level":"info","message":"server running on http://localhost:3000","timestamp":"2025-03-02 17:43:20"}
{"level":"info","message":"server running on http://localhost:3000","timestamp":"2025-03-02 17:43:27"}
{"level":"error","message":"Error occured:","timestamp":"2025-03-02 17:43:33"}
{"level":"info","message":"server running on http://localhost:3000","timestamp":"2025-03-02 17:43:58"}
{"level":"info","message":"server running on http://localhost:3000","timestamp":"2025-03-02 17:44:08"}
{"level":"info","message":"server running on http://localhost:3000","timestamp":"2025-03-02 17:44:15"}
{"level":"info","message":"server running on http://localhost:3000","timestamp":"2025-03-02 17:44:19"}
{"level":"info","message":"server running on http://localhost:3000","timestamp":"2025-03-02 17:44:26"}
{"level":"info","message":"server running on http://localhost:3000","timestamp":"2025-03-02 17:44:37"}
{"level":"info","message":"server running on http://localhost:3000","timestamp":"2025-03-02 17:44:45"}
{"level":"info","message":"server running on http://localhost:3000","timestamp":"2025-03-02 17:44:48"}
{"level":"info","message":"server running on http://localhost:3000","timestamp":"2025-03-02 17:44:53"}
{"level":"error","message":"Error occured:","timestamp":"2025-03-02 17:45:04"}
{"level":"info","message":"server running on http://localhost:3000","timestamp":"2025-03-02 17:45:49"}
{"level":"info","message":"server running on http://localhost:3000","timestamp":"2025-03-02 17:45:56"}
{"level":"info","message":"server running on http://localhost:3000","timestamp":"2025-03-02 17:46:06"}
{"level":"error","message":"Error occured:","timestamp":"2025-03-02 17:46:10"}
{"level":"info","message":"server running on http://localhost:3000","timestamp":"2025-03-02 17:46:58"}
{"level":"info","message":"server running on http://localhost:3000","timestamp":"2025-03-02 17:46:59"}
{"level":"error","message":"Error occured: Internal Server Error, {\"statusCode\":400,\"msg\":\"id not valid UUID\",\"context\":\"error context\",\"title\":\"BadRequestError\"}","timestamp":"2025-03-02 17:47:06"}
{"level":"info","message":"server running on http://localhost:3000","timestamp":"2025-03-02 17:48:12"}
{"level":"info","message":"server running on http://localhost:3000","timestamp":"2025-03-02 17:48:22"}
{"level":"error","message":"Error Occured, {\"statusCode\":400,\"msg\":\"id not valid UUID\",\"context\":\"error context\",\"title\":\"BadRequestError\"}","timestamp":"2025-03-02 17:48:25"}
{"level":"info","message":"server running on http://localhost:3000","timestamp":"2025-03-02 17:48:55"}
{"level":"info","message":"server running on http://localhost:3000","timestamp":"2025-03-02 17:49:06"}
{"level":"info","message":"server running on http://localhost:3000","timestamp":"2025-03-02 17:50:00"}
{"level":"info","message":"server running on http://localhost:3000","timestamp":"2025-03-02 17:50:14"}
{"level":"info","message":"server running on http://localhost:3000","timestamp":"2025-03-02 17:50:17"}
{"level":"error","message":"Error Occured, {\"statusCode\":400,\"msg\":\"Error here\",\"context\":\"error context\",\"title\":\"BadRequestError\"}","timestamp":"2025-03-02 17:50:21"}
{"level":"info","message":"server running on http://localhost:3000","timestamp":"2025-03-02 17:50:48"}
{"level":"info","message":"server running on http://localhost:3000","timestamp":"2025-03-02 17:50:52"}
{"level":"info","message":"server running on http://localhost:3000","timestamp":"2025-03-02 17:54:22"}
{"level":"info","message":"server running on http://localhost:3000","timestamp":"2025-03-02 17:56:04"}
{"level":"info","message":"server running on http://localhost:3000","timestamp":"2025-03-02 17:56:05"}
{"level":"info","message":"server running on http://localhost:3000","timestamp":"2025-03-02 17:56:33"}
{"level":"error","message":"Error Prototype: Error","timestamp":"2025-03-02 17:56:37"}
{"level":"error","message":"Expected Prototype: Error","timestamp":"2025-03-02 17:56:37"}
{"level":"error","message":"Error Occured, {\"statusCode\":400,\"msg\":\"id not valid UUID\",\"context\":\"error context\",\"title\":\"BadRequestError\"}","timestamp":"2025-03-02 17:56:37"}
{"level":"info","message":"server running on http://localhost:3000","timestamp":"2025-03-02 17:57:15"}
{"level":"info","message":"server running on http://localhost:3000","timestamp":"2025-03-02 17:57:43"}
{"level":"error","message":"Error Prototype: Error","timestamp":"2025-03-02 17:57:45"}
{"level":"error","message":"Expected Prototype: Error","timestamp":"2025-03-02 17:57:45"}
{"level":"error","message":"Error Occured, {\"statusCode\":400,\"msg\":\"id not valid UUID\",\"context\":\"error context\",\"title\":\"BadRequestError\"}","timestamp":"2025-03-02 17:57:45"}
{"level":"info","message":"server running on http://localhost:3000","timestamp":"2025-03-02 17:58:15"}
{"level":"error","message":"Error Prototype: Error","timestamp":"2025-03-02 17:58:31"}
{"level":"error","message":"Expected Prototype: Error","timestamp":"2025-03-02 17:58:31"}
{"level":"error","message":"id not valid UUID, {\"statusCode\":400,\"msg\":\"id not valid UUID\",\"context\":\"error context\",\"title\":\"BadRequestError\"}","timestamp":"2025-03-02 17:58:31"}
{"level":"info","message":"server running on http://localhost:3000","timestamp":"2025-03-02 17:58:40"}
{"level":"info","message":"server running on http://localhost:3000","timestamp":"2025-03-02 17:58:51"}
{"level":"info","message":"server running on http://localhost:3000","timestamp":"2025-03-02 18:07:06"}
{"level":"info","message":"server running on http://localhost:3000","timestamp":"2025-03-02 18:07:17"}
{"level":"error","message":"Error Occured, {\"expose\":true,\"statusCode\":400,\"status\":400,\"body\":\"{\\n    \\\"name\\\": \\\"johnson grimes\\\",\\n}\",\"type\":\"entity.parse.failed\"}","timestamp":"2025-03-02 18:07:25"}
{"level":"info","message":"server running on http://localhost:3000","timestamp":"2025-03-02 18:19:19"}
{"level":"info","message":"server running on http://localhost:3000","timestamp":"2025-03-02 18:19:48"}
{"level":"error","message":"Error Occured, {\"expose\":true,\"statusCode\":400,\"status\":400,\"body\":\"{\\n    \\\"name\\\": \\\"johnson grimes\\\",\\n}\",\"type\":\"entity.parse.failed\"}","timestamp":"2025-03-02 18:20:04"}
{"level":"info","message":"server running on http://localhost:3000","timestamp":"2025-03-02 18:20:23"}
{"level":"info","message":"server running on http://localhost:3000","timestamp":"2025-03-02 18:20:33"}
{"level":"error","message":"Error Occured, {\"expose\":true,\"statusCode\":400,\"status\":400,\"body\":\"{\\n    \\\"name\\\": \\\"johnson grimes\\\",\\n}\",\"type\":\"entity.parse.failed\"}","timestamp":"2025-03-02 18:20:38"}
{"level":"info","message":"server running on http://localhost:3000","timestamp":"2025-03-02 18:27:01"}
{"level":"error","message":"Error Occured, {\"expose\":true,\"statusCode\":400,\"status\":400,\"body\":\"{\\n    \\\"name\\\": \\\"johnson grimes\\\",\\n}\",\"type\":\"entity.parse.failed\"}","timestamp":"2025-03-02 18:27:05"}
{"level":"info","message":"server running on http://localhost:3000","timestamp":"2025-03-02 18:33:08"}
{"level":"info","message":"server running on http://localhost:3000","timestamp":"2025-03-02 18:33:09"}
{"level":"error","message":"Error Occured, {\"expose\":true,\"statusCode\":400,\"status\":400,\"body\":\"{\\n    \\\"name\\\": \\\"johnson grimes\\\",\\n}\",\"type\":\"entity.parse.failed\"}","timestamp":"2025-03-02 18:33:39"}
{"level":"info","message":"server running on http://localhost:3000","timestamp":"2025-03-02 18:34:01"}
{"level":"info","message":"server running on http://localhost:3000","timestamp":"2025-03-02 18:34:08"}
{"level":"error","message":"Error Occured, {\"expose\":true,\"statusCode\":400,\"status\":400,\"body\":\"{\\n    \\\"name\\\": \\\"johnson grimes\\\",\\n}\",\"type\":\"entity.parse.failed\"}","timestamp":"2025-03-02 18:34:11"}
{"level":"info","message":"server running on http://localhost:3000","timestamp":"2025-03-02 18:39:19"}
{"level":"info","message":"server running on http://localhost:3000","timestamp":"2025-03-02 18:39:59"}
{"level":"info","message":"server running on http://localhost:3000","timestamp":"2025-03-02 18:40:05"}
{"level":"info","message":"server running on http://localhost:3000","timestamp":"2025-03-02 18:40:07"}
{"level":"error","message":"Error Occured, {\"expose\":true,\"statusCode\":400,\"status\":400,\"body\":\"{\\n    \\\"name\\\": \\\"johnson grimes\\\",\\n}\",\"type\":\"entity.parse.failed\"}","timestamp":"2025-03-02 18:40:11"}
{"level":"info","message":"server running on http://localhost:3000","timestamp":"2025-03-02 18:42:01"}
{"level":"info","message":"server running on http://localhost:3000","timestamp":"2025-03-02 18:42:09"}
{"level":"info","message":"server running on http://localhost:3000","timestamp":"2025-03-02 18:42:13"}
{"level":"info","message":"server running on http://localhost:3000","timestamp":"2025-03-02 18:42:17"}
{"level":"info","message":"server running on http://localhost:3000","timestamp":"2025-03-02 18:42:36"}
{"level":"info","message":"server running on http://localhost:3000","timestamp":"2025-03-02 18:42:51"}
{"level":"error","message":"Error Occured, {\"expose\":true,\"statusCode\":400,\"status\":400,\"body\":\"{\\n    \\\"name\\\": \\\"johnson grimes\\\",\\n}\",\"type\":\"entity.parse.failed\"}","timestamp":"2025-03-02 18:42:56"}
{"level":"info","message":"server running on http://localhost:3000","timestamp":"2025-03-02 18:43:19"}
{"level":"info","message":"server running on http://localhost:3000","timestamp":"2025-03-02 18:43:50"}
{"level":"info","message":"server running on http://localhost:3000","timestamp":"2025-03-02 18:44:58"}
{"level":"error","message":"Error Occured, {\"expose\":true,\"statusCode\":400,\"status\":400,\"body\":\"{\\n    \\\"name\\\": \\\"johnson grimes\\\",\\n}\",\"type\":\"entity.parse.failed\"}","timestamp":"2025-03-02 18:44:59"}
{"level":"info","message":"server running on http://localhost:3000","timestamp":"2025-03-02 18:45:10"}
{"level":"error","message":"Error Occured, {\"expose\":true,\"statusCode\":400,\"status\":400,\"body\":\"{\\n    \\\"name\\\": \\\"johnson grimes\\\",\\n}\",\"type\":\"entity.parse.failed\"}","timestamp":"2025-03-02 18:45:12"}
{"level":"info","message":"server running on http://localhost:3000","timestamp":"2025-03-02 18:45:42"}
{"level":"info","message":"server running on http://localhost:3000","timestamp":"2025-03-02 18:45:50"}
{"level":"error","message":"Error Occured, {\"expose\":true,\"statusCode\":400,\"status\":400,\"body\":\"{\\n    \\\"name\\\": \\\"johnson grimes\\\",\\n}\",\"type\":\"entity.parse.failed\"}","timestamp":"2025-03-02 18:45:53"}
{"level":"info","message":"server running on http://localhost:3000","timestamp":"2025-03-02 18:46:21"}
{"level":"error","message":"Error Occured, {\"expose\":true,\"statusCode\":400,\"status\":400,\"body\":\"{\\n    \\\"name\\\": \\\"johnson grimes\\\",\\n}\",\"type\":\"entity.parse.failed\"}","timestamp":"2025-03-02 18:46:26"}
{"level":"info","message":"server running on http://localhost:3000","timestamp":"2025-03-02 18:46:42"}
{"level":"info","message":"server running on http://localhost:3000","timestamp":"2025-03-02 18:46:47"}
{"level":"info","message":"server running on http://localhost:3000","timestamp":"2025-03-02 18:47:35"}
{"level":"info","message":"server running on http://localhost:3000","timestamp":"2025-03-02 18:47:42"}
{"level":"error","message":"name, email, {\"statusCode\":400,\"msg\":\"name, email\",\"context\":\"error context\",\"title\":\"BadRequestError\"}","timestamp":"2025-03-02 18:47:46"}
{"level":"info","message":"server running on http://localhost:3000","timestamp":"2025-03-02 18:48:00"}
{"level":"info","message":"server running on http://localhost:3000","timestamp":"2025-03-02 18:48:32"}
{"level":"info","message":"server running on http://localhost:3000","timestamp":"2025-03-02 18:48:51"}
{"level":"error","message":"An instance of CreateAccountDto has failed the validation:\n - property name has failed the following constraints: minLength, isString, isNotEmpty \n, An instance of CreateAccountDto has failed the validation:\n - property email has failed the following constraints: minLength, isEmail, isString, isNotEmpty \n, {\"statusCode\":400,\"msg\":\"An instance of CreateAccountDto has failed the validation:\\n - property name has failed the following constraints: minLength, isString, isNotEmpty \\n, An instance of CreateAccountDto has failed the validation:\\n - property email has failed the following constraints: minLength, isEmail, isString, isNotEmpty \\n\",\"context\":\"error context\",\"title\":\"BadRequestError\"}","timestamp":"2025-03-02 18:48:53"}
{"level":"info","message":"server running on http://localhost:3000","timestamp":"2025-03-02 18:53:07"}
{"level":"info","message":"server running on http://localhost:3000","timestamp":"2025-03-02 18:53:09"}
{"level":"info","message":"server running on http://localhost:3000","timestamp":"2025-03-02 18:53:10"}
{"level":"info","message":"server running on http://localhost:3000","timestamp":"2025-03-02 18:53:34"}
{"level":"info","message":"server running on http://localhost:3000","timestamp":"2025-03-02 18:55:00"}
{"level":"error","message":"Error occured during function CreateAccountDto() {\n    } validation, {\"statusCode\":400,\"msg\":\"Error occured during function CreateAccountDto() {\\n    } validation\",\"context\":\"error context\",\"title\":\"ValidationError\",\"errors\":[{\"target\":{},\"property\":\"name\",\"children\":[],\"constraints\":{\"minLength\":\"name must be longer than or equal to 3 characters\",\"isString\":\"name must be a string\",\"isNotEmpty\":\"name should not be empty\"}},{\"target\":{},\"property\":\"email\",\"children\":[],\"constraints\":{\"minLength\":\"email must be longer than or equal to 3 characters\",\"isEmail\":\"email must be an email\",\"isString\":\"email must be a string\",\"isNotEmpty\":\"email should not be empty\"}}]}","timestamp":"2025-03-02 18:55:03"}
{"level":"info","message":"server running on http://localhost:3000","timestamp":"2025-03-02 18:55:54"}
{"level":"error","message":"Error occured during function CreateAccountDto() {\n    } validation, {\"statusCode\":400,\"msg\":\"Error occured during function CreateAccountDto() {\\n    } validation\",\"context\":\"error context\",\"title\":\"ValidationError\",\"errors\":[{\"target\":{},\"property\":\"name\",\"children\":[],\"constraints\":{\"minLength\":\"name must be longer than or equal to 3 characters\",\"isString\":\"name must be a string\",\"isNotEmpty\":\"name should not be empty\"}},{\"target\":{},\"property\":\"email\",\"children\":[],\"constraints\":{\"minLength\":\"email must be longer than or equal to 3 characters\",\"isEmail\":\"email must be an email\",\"isString\":\"email must be a string\",\"isNotEmpty\":\"email should not be empty\"}}]}","timestamp":"2025-03-02 18:55:56"}
{"level":"info","message":"server running on http://localhost:3000","timestamp":"2025-03-02 18:56:24"}
{"level":"error","message":"Error occured during function CreateAccountDto() {\n    } validation, {\"statusCode\":400,\"msg\":\"Error occured during function CreateAccountDto() {\\n    } validation\",\"context\":\"error context\",\"title\":\"ValidationError\",\"errors\":[{\"target\":{},\"property\":\"name\",\"children\":[],\"constraints\":{\"minLength\":\"name must be longer than or equal to 3 characters\",\"isString\":\"name must be a string\",\"isNotEmpty\":\"name should not be empty\"}},{\"target\":{},\"property\":\"email\",\"children\":[],\"constraints\":{\"minLength\":\"email must be longer than or equal to 3 characters\",\"isEmail\":\"email must be an email\",\"isString\":\"email must be a string\",\"isNotEmpty\":\"email should not be empty\"}}]}","timestamp":"2025-03-02 18:56:26"}
{"level":"info","message":"server running on http://localhost:3000","timestamp":"2025-03-02 19:05:20"}
{"level":"error","message":"Error occured during function CreateAccountDto() {\n    } validation, {\"statusCode\":400,\"msg\":\"Error occured during function CreateAccountDto() {\\n    } validation\",\"context\":\"error context\",\"title\":\"ValidationError\",\"errors\":[{\"target\":{},\"property\":\"name\",\"children\":[],\"constraints\":{\"minLength\":\"name must be longer than or equal to 3 characters\",\"isString\":\"name must be a string\",\"isNotEmpty\":\"name should not be empty\"}},{\"target\":{},\"property\":\"email\",\"children\":[],\"constraints\":{\"minLength\":\"email must be longer than or equal to 3 characters\",\"isEmail\":\"email must be an email\",\"isString\":\"email must be a string\",\"isNotEmpty\":\"email should not be empty\"}}]}","timestamp":"2025-03-02 19:06:06"}
{"level":"info","message":"server running on http://localhost:3000","timestamp":"2025-03-02 19:07:12"}
{"level":"error","message":"Error occured during function CreateAccountDto() {\n    } validation, {\"statusCode\":400,\"msg\":\"Error occured during function CreateAccountDto() {\\n    } validation\",\"context\":\"error context\",\"title\":\"ValidationError\",\"errors\":[{\"target\":{},\"property\":\"name\",\"children\":[],\"constraints\":{\"minLength\":\"name must be longer than or equal to 3 characters\",\"isString\":\"name must be a string\",\"isNotEmpty\":\"name should not be empty\"}},{\"target\":{},\"property\":\"email\",\"children\":[],\"constraints\":{\"minLength\":\"email must be longer than or equal to 3 characters\",\"isEmail\":\"email must be an email\",\"isString\":\"email must be a string\",\"isNotEmpty\":\"email should not be empty\"}}]}","timestamp":"2025-03-02 19:07:15"}
{"level":"info","message":"server running on http://localhost:3000","timestamp":"2025-03-02 19:07:27"}
{"level":"error","message":"Error occured during function CreateAccountDto() {\n    } validation, {\"statusCode\":400,\"msg\":\"Error occured during function CreateAccountDto() {\\n    } validation\",\"context\":\"error context\",\"title\":\"ValidationError\",\"errors\":[{\"target\":{},\"property\":\"name\",\"children\":[],\"constraints\":{\"minLength\":\"name must be longer than or equal to 3 characters\",\"isString\":\"name must be a string\",\"isNotEmpty\":\"name should not be empty\"}},{\"target\":{},\"property\":\"email\",\"children\":[],\"constraints\":{\"minLength\":\"email must be longer than or equal to 3 characters\",\"isEmail\":\"email must be an email\",\"isString\":\"email must be a string\",\"isNotEmpty\":\"email should not be empty\"}}]}","timestamp":"2025-03-02 19:07:29"}
{"level":"info","message":"server running on http://localhost:3000","timestamp":"2025-03-02 19:07:36"}
{"level":"info","message":"server running on http://localhost:3000","timestamp":"2025-03-02 19:07:55"}
{"level":"error","message":"Error occured during function CreateAccountDto() {\n    } validation, {\"statusCode\":400,\"msg\":\"Error occured during function CreateAccountDto() {\\n    } validation\",\"context\":\"error context\",\"title\":\"ValidationError\",\"errors\":[{\"target\":{},\"property\":\"name\",\"children\":[],\"constraints\":{\"minLength\":\"name must be longer than or equal to 3 characters\",\"isString\":\"name must be a string\",\"isNotEmpty\":\"name should not be empty\"}},{\"target\":{},\"property\":\"email\",\"children\":[],\"constraints\":{\"minLength\":\"email must be longer than or equal to 3 characters\",\"isEmail\":\"email must be an email\",\"isString\":\"email must be a string\",\"isNotEmpty\":\"email should not be empty\"}}]}","timestamp":"2025-03-02 19:07:57"}
{"level":"info","message":"server running on http://localhost:3000","timestamp":"2025-03-02 19:10:03"}
{"level":"error","message":"Error occured during function CreateAccountDto() {\n    } validation, {\"statusCode\":400,\"msg\":\"Error occured during function CreateAccountDto() {\\n    } validation\",\"context\":\"error context\",\"title\":\"ValidationError\",\"errors\":[{\"target\":{},\"property\":\"name\",\"children\":[],\"constraints\":{\"minLength\":\"name must be longer than or equal to 3 characters\",\"isString\":\"name must be a string\",\"isNotEmpty\":\"name should not be empty\"}},{\"target\":{},\"property\":\"email\",\"children\":[],\"constraints\":{\"minLength\":\"email must be longer than or equal to 3 characters\",\"isEmail\":\"email must be an email\",\"isString\":\"email must be a string\",\"isNotEmpty\":\"email should not be empty\"}}]}","timestamp":"2025-03-02 19:10:33"}
{"level":"info","message":"server running on http://localhost:3000","timestamp":"2025-03-02 19:11:44"}
{"level":"error","message":"Error occured during function CreateAccountDto() {\n    } validation, {\"statusCode\":400,\"msg\":\"Error occured during function CreateAccountDto() {\\n    } validation\",\"context\":\"error context\",\"title\":\"ValidationError\",\"errors\":[{\"target\":{},\"property\":\"name\",\"children\":[],\"constraints\":{\"minLength\":\"name must be longer than or equal to 3 characters\",\"isString\":\"name must be a string\",\"isNotEmpty\":\"name should not be empty\"}},{\"target\":{},\"property\":\"email\",\"children\":[],\"constraints\":{\"minLength\":\"email must be longer than or equal to 3 characters\",\"isEmail\":\"email must be an email\",\"isString\":\"email must be a string\",\"isNotEmpty\":\"email should not be empty\"}}]}","timestamp":"2025-03-02 19:11:50"}
{"level":"info","message":"server running on http://localhost:3000","timestamp":"2025-03-02 19:12:50"}
{"level":"error","message":"Error occured during function CreateAccountDto() {\n    } validation, {\"statusCode\":400,\"msg\":\"Error occured during function CreateAccountDto() {\\n    } validation\",\"context\":\"error context\",\"title\":\"ValidationError\",\"errors\":[{\"target\":{},\"property\":\"name\",\"children\":[],\"constraints\":{\"minLength\":\"name must be longer than or equal to 3 characters\",\"isString\":\"name must be a string\",\"isNotEmpty\":\"name should not be empty\"}},{\"target\":{},\"property\":\"email\",\"children\":[],\"constraints\":{\"minLength\":\"email must be longer than or equal to 3 characters\",\"isEmail\":\"email must be an email\",\"isString\":\"email must be a string\",\"isNotEmpty\":\"email should not be empty\"}}]}","timestamp":"2025-03-02 19:12:53"}
{"level":"info","message":"server running on http://localhost:3000","timestamp":"2025-03-02 19:15:48"}
{"level":"info","message":"server running on http://localhost:3000","timestamp":"2025-03-02 19:15:57"}
{"level":"error","message":"Error occured during function CreateAccountDto() {\n    } validation, {\"statusCode\":400,\"msg\":\"Error occured during function CreateAccountDto() {\\n    } validation\",\"context\":\"error context\",\"title\":\"ValidationError\",\"errors\":[{\"target\":{},\"property\":\"name\",\"children\":[],\"constraints\":{\"minLength\":\"name must be longer than or equal to 3 characters\",\"isString\":\"name must be a string\",\"isNotEmpty\":\"name should not be empty\"}},{\"target\":{},\"property\":\"email\",\"children\":[],\"constraints\":{\"minLength\":\"email must be longer than or equal to 3 characters\",\"isEmail\":\"email must be an email\",\"isString\":\"email must be a string\",\"isNotEmpty\":\"email should not be empty\"}}]}","timestamp":"2025-03-02 19:16:01"}
{"level":"info","message":"server running on http://localhost:3000","timestamp":"2025-03-02 19:16:41"}
{"level":"info","message":"server running on http://localhost:3000","timestamp":"2025-03-02 19:16:47"}
{"level":"error","message":"Error occured during function CreateAccountDto() {\n    } validation, {\"statusCode\":400,\"msg\":\"Error occured during function CreateAccountDto() {\\n    } validation\",\"context\":\"error context\",\"title\":\"ValidationError\",\"errors\":[{\"target\":{\"name\":\"daniel bello\"},\"property\":\"email\",\"children\":[],\"constraints\":{\"minLength\":\"email must be longer than or equal to 3 characters\",\"isEmail\":\"email must be an email\",\"isString\":\"email must be a string\",\"isNotEmpty\":\"email should not be empty\"}}]}","timestamp":"2025-03-02 19:16:49"}
{"level":"info","message":"server running on http://localhost:3000","timestamp":"2025-03-02 19:18:39"}
{"level":"info","message":"server running on http://localhost:3000","timestamp":"2025-03-02 19:19:15"}
{"level":"info","message":"server running on http://localhost:3000","timestamp":"2025-03-02 19:19:46"}
{"level":"info","message":"server running on http://localhost:3000","timestamp":"2025-03-02 19:20:19"}
{"level":"info","message":"server running on http://localhost:3000","timestamp":"2025-03-02 19:20:37"}
{"level":"error","message":"Error occured during CreateAccountDto validation, {\"statusCode\":400,\"msg\":\"Error occured during CreateAccountDto validation\",\"context\":\"error context\",\"title\":\"ValidationError\",\"errors\":[{\"target\":{\"name\":\"daniel bello\"},\"property\":\"email\",\"children\":[],\"constraints\":{\"minLength\":\"email must be longer than or equal to 3 characters\",\"isEmail\":\"email must be an email\",\"isString\":\"email must be a string\",\"isNotEmpty\":\"email should not be empty\"}}]}","timestamp":"2025-03-02 19:20:39"}
{"level":"error","message":"Error Occured, {\"query\":\"INSERT INTO \\\"account\\\"(\\\"id\\\", \\\"name\\\", \\\"isVerified\\\", \\\"email\\\", \\\"createdAt\\\", \\\"updatedAt\\\") VALUES (?, ?, NULL, ?, ?, ?)\",\"parameters\":[\"49953ab2-3cd3-4a22-89f2-5cd208476646\",\"daniel bello\",\"daniel@example.com\",\"2025-03-02\",\"2025-03-02\"],\"driverError\":{\"errno\":19,\"code\":\"SQLITE_CONSTRAINT\"},\"errno\":19,\"code\":\"SQLITE_CONSTRAINT\"}","timestamp":"2025-03-02 19:21:39"}
{"level":"info","message":"server running on http://localhost:3000","timestamp":"2025-03-02 19:21:58"}
{"level":"error","message":"Error Occured, {\"query\":\"INSERT INTO \\\"account\\\"(\\\"id\\\", \\\"name\\\", \\\"isVerified\\\", \\\"email\\\", \\\"createdAt\\\", \\\"updatedAt\\\") VALUES (?, ?, NULL, ?, ?, ?)\",\"parameters\":[\"89502606-ba6a-42d0-8e96-f3f0bc8d994a\",\"daniel bello\",\"daniel@example.com\",\"2025-03-02\",\"2025-03-02\"],\"driverError\":{\"errno\":19,\"code\":\"SQLITE_CONSTRAINT\"},\"errno\":19,\"code\":\"SQLITE_CONSTRAINT\"}","timestamp":"2025-03-02 19:22:09"}
{"level":"info","message":"server running on http://localhost:3000","timestamp":"2025-03-02 19:22:38"}
{"level":"info","message":"server running on http://localhost:3000","timestamp":"2025-03-02 19:22:42"}
{"level":"error","message":"Error Occured, {\"query\":\"INSERT INTO \\\"account\\\"(\\\"id\\\", \\\"name\\\", \\\"isVerified\\\", \\\"email\\\", \\\"createdAt\\\", \\\"updatedAt\\\") VALUES (?, ?, NULL, ?, ?, ?)\",\"parameters\":[\"9200a38b-8cd0-448a-b640-4eb949629ad1\",\"daniel bello\",\"daniel@example.com\",\"2025-03-02\",\"2025-03-02\"],\"driverError\":{\"errno\":19,\"code\":\"SQLITE_CONSTRAINT\"},\"errno\":19,\"code\":\"SQLITE_CONSTRAINT\"}","timestamp":"2025-03-02 19:22:44"}
{"level":"info","message":"server running on http://localhost:3000","timestamp":"2025-03-02 19:23:10"}
{"level":"error","message":"Error Occured, {\"query\":\"INSERT INTO \\\"account\\\"(\\\"id\\\", \\\"name\\\", \\\"isVerified\\\", \\\"email\\\", \\\"createdAt\\\", \\\"updatedAt\\\") VALUES (?, ?, NULL, ?, ?, ?)\",\"parameters\":[\"ec761bf8-9377-4069-8b87-bd4c10f2db05\",\"daniel bello\",\"daniel@example.com\",\"2025-03-02\",\"2025-03-02\"],\"driverError\":{\"errno\":19,\"code\":\"SQLITE_CONSTRAINT\"},\"errno\":19,\"code\":\"SQLITE_CONSTRAINT\"}","timestamp":"2025-03-02 19:23:24"}
{"level":"info","message":"server running on http://localhost:3000","timestamp":"2025-03-02 19:24:35"}
{"level":"info","message":"server running on http://localhost:3000","timestamp":"2025-03-02 19:24:44"}
{"level":"info","message":"server running on http://localhost:3000","timestamp":"2025-03-02 19:24:53"}
{"level":"error","message":"Email already registered, {\"statusCode\":400,\"msg\":\"Email already registered\",\"context\":\"error context\",\"title\":\"BadRequestError\"}","timestamp":"2025-03-02 19:25:01"}
{"level":"info","message":"server running on http://localhost:3000","timestamp":"2025-03-02 19:25:49"}
{"level":"info","message":"server running on http://localhost:3000","timestamp":"2025-03-02 19:25:53"}
{"level":"error","message":"BadRequestError, Email already registered","timestamp":"2025-03-02 19:25:56"}
{"level":"error","message":"BadRequestError, Email already registered","timestamp":"2025-03-02 19:26:38"}
{"level":"info","message":"server running on http://localhost:3000","timestamp":"2025-03-02 19:30:26"}
{"level":"info","message":"server running on http://localhost:3000","timestamp":"2025-03-02 19:30:39"}
{"level":"info","message":"server running on http://localhost:3000","timestamp":"2025-03-02 19:31:04"}
{"level":"info","message":"server running on http://localhost:3000","timestamp":"2025-03-02 19:31:11"}
{"level":"info","message":"server running on http://localhost:3000","timestamp":"2025-03-02 19:31:20"}
{"level":"info","message":"server running on http://localhost:3000","timestamp":"2025-03-02 19:32:20"}
{"level":"info","message":"server running on http://localhost:3000","timestamp":"2025-03-02 19:35:27"}
{"level":"info","message":"server running on http://localhost:3000","timestamp":"2025-03-02 19:35:28"}
{"level":"info","message":"server running on http://localhost:3000","timestamp":"2025-03-02 19:35:44"}
{"level":"info","message":"server running on http://localhost:3000","timestamp":"2025-03-02 19:35:48"}
{"level":"info","message":"server running on http://localhost:3000","timestamp":"2025-03-02 19:35:52"}
{"level":"error","message":"NotFoundError, The requested resource was not found","timestamp":"2025-03-02 19:36:21"}
{"level":"info","message":"server running on http://localhost:3000","timestamp":"2025-03-02 19:37:50"}
{"level":"info","message":"server running on http://localhost:3000","timestamp":"2025-03-02 19:37:55"}
{"level":"error","message":"NotFoundError, The requested resource was not found","timestamp":"2025-03-02 19:38:11"}
{"level":"error","message":"BadRequestError, id not valid UUID","timestamp":"2025-03-02 19:38:24"}
{"level":"info","message":"server running on http://localhost:3000","timestamp":"2025-03-02 19:38:49"}
{"level":"info","message":"server running on http://localhost:3000","timestamp":"2025-03-02 19:38:52"}
{"level":"info","message":"server running on http://localhost:3000","timestamp":"2025-03-02 19:38:56"}
{"level":"info","message":"server running on http://localhost:3000","timestamp":"2025-03-02 19:38:59"}
{"level":"info","message":"server running on http://localhost:3000","timestamp":"2025-03-02 19:39:03"}
{"level":"info","message":"server running on http://localhost:3000","timestamp":"2025-03-02 19:39:09"}
{"level":"info","message":"server running on http://localhost:3000","timestamp":"2025-03-02 19:39:39"}
{"level":"info","message":"server running on http://localhost:3000","timestamp":"2025-03-16 13:49:33"}
{"level":"info","message":"server running on http://localhost:3000","timestamp":"2025-03-16 13:49:52"}
{"level":"info","message":"server running on http://localhost:3000","timestamp":"2025-03-16 13:50:05"}
{"level":"error","message":"BadRequestError, id not valid UUID","timestamp":"2025-03-16 13:50:53"}
{"level":"error","message":"ValidationError, Error occured during CreateAccountDto validation","timestamp":"2025-03-16 13:50:59"}
{"level":"info","message":"server running on http://localhost:3000","timestamp":"2025-03-16 14:26:10"}
{"level":"info","message":"server running on http://localhost:3000","timestamp":"2025-03-16 14:27:13"}
{"level":"info","message":"server running on http://localhost:3000","timestamp":"2025-03-16 14:28:19"}
{"level":"info","message":"server running on http://localhost:3000","timestamp":"2025-03-16 14:28:58"}
{"level":"info","message":"server running on http://localhost:3000","timestamp":"2025-03-16 14:29:55"}
{"level":"info","message":"server running on http://localhost:3000","timestamp":"2025-03-16 14:30:25"}
{"level":"info","message":"server running on http://localhost:3000","timestamp":"2025-03-16 14:30:51"}
